<?xml version="1.0" encoding="UTF-8"?>
<!-- Generated by org.testng.reporters.JUnitReportReporter -->
<testsuite hostname="DESKTOP-238R3R7" failures="0" tests="1" name="MailRuTest" time="42.720" errors="0" timestamp="2022-04-05T15:19:28 MSK" skipped="0">
  <testcase classname="MailRuTest" name="test" time="42.720"/>
  <system-out/>
</testsuite> <!-- MailRuTest -->
